[2026-04-23T04:36:16Z] === ENRICH ITERATION 1 START | repo=near/borsh-rs sha=79097e3c ===
[2026-04-23T04:36:16Z] [iter=1] PHASE START: enrich repo=near/borsh-rs sha=79097e3c runlog=/home/runner/work/forx/forx/storage/aggregate/lsp/logs/79097e3c-enrich-iter-001.log output=/home/runner/work/forx/forx/storage/aggregate/lsp/79097e3c71ae469a101b4828457792bcf8be7f5f.nq.gz
[2026-04-23T04:36:16Z] [iter=1] Step 1: Loading AST into disk-backed store mem_mb=76 MB
[2026-04-23T04:36:18Z] [iter=1] AST store loaded triples=236160 load_secs=2 mem_mb=423 MB
[2026-04-23T04:36:18Z] [iter=1] Step 2: Finding LSP targets mem_mb=423 MB
[2026-04-23T04:36:19Z] [iter=1] LSP targets found call_sites=1724 imports=55 extends=0 implements=184 secs=0
[2026-04-23T04:36:19Z] [iter=1] Step 2.7: Building position index (one-shot, shared across resolvers) mem_mb=423 MB
[2026-04-23T04:36:20Z] [iter=1] Position index built positions=17007 nodes_with_types=19870 secs=1 mem_mb=423 MB
[2026-04-23T04:36:20Z] [iter=1] Step 3: Starting LSP resolution mem_mb=423 MB already_completed_types=[] already_completed_files=0
[2026-04-23T04:36:20Z] [iter=1] Resolving target type target_type=call_site count=1724
[2026-04-23T04:37:05Z] [iter=1] HEARTBEAT target_type=call_site elapsed_min=0.8 files_done=1 resolved=70 errors=48 current=borsh/src/de/mod.rs
[2026-04-23T04:37:35Z] [iter=1] HEARTBEAT target_type=call_site elapsed_min=1.3 files_done=8 resolved=297 errors=344 current=benchmarks/benches/bench.rs
[2026-04-23T04:38:11Z] [iter=1] HEARTBEAT target_type=call_site elapsed_min=1.9 files_done=19 resolved=609 errors=655 current=borsh/tests/test_rc.rs
[2026-04-23T04:38:22Z] [iter=1] Target type resolved target_type=call_site resolved=723 errors=755 secs=122 mem_mb=423 MB
[2026-04-23T04:38:22Z] [iter=1] Resolving target type target_type=import_statement count=55
[2026-04-23T04:38:37Z] [iter=1] Target type resolved target_type=import_statement resolved=54 errors=0 secs=15 mem_mb=423 MB
[2026-04-23T04:38:37Z] [iter=1] Resolving target type target_type=implements_clause count=184
[2026-04-23T04:38:47Z] [iter=1] HEARTBEAT target_type=implements_clause elapsed_min=2.5 files_done=1 resolved=72 errors=0 current=borsh/src/ser/mod.rs
[2026-04-23T04:38:49Z] [iter=1] Target type resolved target_type=implements_clause resolved=178 errors=0 secs=12 mem_mb=423 MB
[2026-04-23T04:39:06Z] [iter=1] Step 5: Writing final enrichment file triples=15240
[2026-04-23T04:39:06Z] [iter=1] Enrichment file written path=/home/runner/work/forx/forx/storage/aggregate/lsp/79097e3c71ae469a101b4828457792bcf8be7f5f.nq.gz size_kb=283
[2026-04-23T04:39:06Z] [iter=1] PHASE END: enrich elapsed_s=170 elapsed_min=2.8 total_triples=15240
